internal/modules/cjs/loader.js:834
  throw err;
  ^

Error: Cannot find module 'pinyin'
Require stack:
- /Users/guojialin/Workspace/front-end/vue3-music-practice/backend/router.js
- /Users/guojialin/Workspace/front-end/vue3-music-practice/backend/prod.server.js
    at Function.Module._resolveFilename (internal/modules/cjs/loader.js:831:15)
    at Function.Module._load (internal/modules/cjs/loader.js:687:27)
    at Module.require (internal/modules/cjs/loader.js:903:19)
    at require (internal/modules/cjs/helpers.js:74:18)
    at Object.<anonymous> (/Users/guojialin/Workspace/front-end/vue3-music-practice/backend/router.js:6:16)
    at Module._compile (internal/modules/cjs/loader.js:1015:30)
    at Object.Module._extensions..js (internal/modules/cjs/loader.js:1035:10)
    at Module.load (internal/modules/cjs/loader.js:879:32)
    at Function.Module._load (internal/modules/cjs/loader.js:724:14)
    at Module.require (internal/modules/cjs/loader.js:903:19) {
  code: 'MODULE_NOT_FOUND',
  requireStack: [
    '/Users/guojialin/Workspace/front-end/vue3-music-practice/backend/router.js',
    '/Users/guojialin/Workspace/front-end/vue3-music-practice/backend/prod.server.js'
  ]
}
